2024-01-30 20:11:23,738 INFO o.a.j.u.JMeterUtils: Setting Locale to en_EN
2024-01-30 20:11:23,772 INFO o.a.j.JMeter: Loading user properties from: /Users/zhicheng.jin/apache-jmeter-5.6.3/bin/user.properties
2024-01-30 20:11:23,773 INFO o.a.j.JMeter: Loading system properties from: /Users/zhicheng.jin/apache-jmeter-5.6.3/bin/system.properties
2024-01-30 20:11:23,778 INFO o.a.j.JMeter: Copyright (c) 1998-2024 The Apache Software Foundation
2024-01-30 20:11:23,778 INFO o.a.j.JMeter: Version 5.6.3
2024-01-30 20:11:23,779 INFO o.a.j.JMeter: java.version=11.0.20.1
2024-01-30 20:11:23,779 INFO o.a.j.JMeter: java.vm.name=OpenJDK 64-Bit Server VM
2024-01-30 20:11:23,779 INFO o.a.j.JMeter: os.name=Mac OS X
2024-01-30 20:11:23,779 INFO o.a.j.JMeter: os.arch=x86_64
2024-01-30 20:11:23,779 INFO o.a.j.JMeter: os.version=14.0
2024-01-30 20:11:23,779 INFO o.a.j.JMeter: file.encoding=UTF-8
2024-01-30 20:11:23,779 INFO o.a.j.JMeter: java.awt.headless=true
2024-01-30 20:11:23,779 INFO o.a.j.JMeter: Max memory     =1073741824
2024-01-30 20:11:23,779 INFO o.a.j.JMeter: Available Processors =8
2024-01-30 20:11:23,786 INFO o.a.j.JMeter: Default Locale=English (EN)
2024-01-30 20:11:23,786 INFO o.a.j.JMeter: JMeter  Locale=English (EN)
2024-01-30 20:11:23,786 INFO o.a.j.JMeter: JMeterHome=/Users/zhicheng.jin/apache-jmeter-5.6.3
2024-01-30 20:11:23,786 INFO o.a.j.JMeter: user.dir  =/Users/zhicheng.jin/apache-jmeter-5.6.3/bin/order_service
2024-01-30 20:11:23,786 INFO o.a.j.JMeter: PWD       =/Users/zhicheng.jin/apache-jmeter-5.6.3/bin/order_service
2024-01-30 20:11:23,799 INFO o.a.j.JMeter: IP: 192.168.1.6 Name: zhichengdembp FullName: zhichengdembp
2024-01-30 20:11:23,823 INFO o.a.j.JMeter: Setting property 'jmeter.reportgenerator.outputdir' to:'/Users/zhicheng.jin/apache-jmeter-5.6.3/bin/order_service/web_140'
2024-01-30 20:11:23,825 INFO o.a.j.s.FileServer: Default base='/Users/zhicheng.jin/apache-jmeter-5.6.3/bin/order_service'
2024-01-30 20:11:23,826 INFO o.a.j.s.FileServer: Set new base='/Users/zhicheng.jin/apache-jmeter-5.6.3/bin/order_service'
2024-01-30 20:11:24,001 INFO o.a.j.s.SaveService: Testplan (JMX) version: 2.2. Testlog (JTL) version: 2.2
2024-01-30 20:11:24,018 INFO o.a.j.s.SaveService: Using SaveService properties version 5.0
2024-01-30 20:11:24,021 INFO o.a.j.s.SaveService: Using SaveService properties file encoding UTF-8
2024-01-30 20:11:24,024 INFO o.a.j.s.SaveService: Loading file: /Users/zhicheng.jin/apache-jmeter-5.6.3/bin/order_service/order_service_140.jmx
2024-01-30 20:11:24,088 INFO o.a.j.p.h.s.HTTPSamplerBase: Parser for text/html is org.apache.jmeter.protocol.http.parser.LagartoBasedHtmlParser
2024-01-30 20:11:24,088 INFO o.a.j.p.h.s.HTTPSamplerBase: Parser for application/xhtml+xml is org.apache.jmeter.protocol.http.parser.LagartoBasedHtmlParser
2024-01-30 20:11:24,088 INFO o.a.j.p.h.s.HTTPSamplerBase: Parser for application/xml is org.apache.jmeter.protocol.http.parser.LagartoBasedHtmlParser
2024-01-30 20:11:24,088 INFO o.a.j.p.h.s.HTTPSamplerBase: Parser for text/xml is org.apache.jmeter.protocol.http.parser.LagartoBasedHtmlParser
2024-01-30 20:11:24,088 INFO o.a.j.p.h.s.HTTPSamplerBase: Parser for text/vnd.wap.wml is org.apache.jmeter.protocol.http.parser.RegexpHTMLParser
2024-01-30 20:11:24,088 INFO o.a.j.p.h.s.HTTPSamplerBase: Parser for text/css is org.apache.jmeter.protocol.http.parser.CssParser
2024-01-30 20:11:24,163 INFO o.a.j.JMeter: Creating summariser <summary>
2024-01-30 20:11:24,167 INFO o.a.j.r.d.ReportGenerator: ReportGenerator will use for Parsing the separator: ','
2024-01-30 20:11:24,167 INFO o.a.j.r.d.ReportGenerator: Will generate report at end of test from  results file: test_140.jtl
2024-01-30 20:11:24,167 INFO o.a.j.r.d.ReportGenerator: Reading report generator properties from: /Users/zhicheng.jin/apache-jmeter-5.6.3/bin/reportgenerator.properties
2024-01-30 20:11:24,169 INFO o.a.j.r.d.ReportGenerator: Merging with JMeter properties
2024-01-30 20:11:24,173 INFO o.a.j.r.c.ReportGeneratorConfiguration: Property 'jmeter.reportgenerator.temp_dir' not found, using default value 'temp' instead.
2024-01-30 20:11:24,174 INFO o.a.j.r.c.ReportGeneratorConfiguration: Property 'jmeter.reportgenerator.apdex_per_transaction' not found, using default value 'null' instead.
2024-01-30 20:11:24,175 INFO o.a.j.r.c.ReportGeneratorConfiguration: apdex_per_transaction is empty, not APDEX per transaction customization
2024-01-30 20:11:24,175 INFO o.a.j.r.c.ReportGeneratorConfiguration: Property 'jmeter.reportgenerator.sample_filter' not found, using default value 'null' instead.
2024-01-30 20:11:24,175 INFO o.a.j.r.c.ReportGeneratorConfiguration: Property 'jmeter.reportgenerator.report_title' not found, using default value 'null' instead.
2024-01-30 20:11:24,175 INFO o.a.j.r.c.ReportGeneratorConfiguration: Property 'jmeter.reportgenerator.start_date' not found, using default value 'null' instead.
2024-01-30 20:11:24,175 INFO o.a.j.r.c.ReportGeneratorConfiguration: Property 'jmeter.reportgenerator.end_date' not found, using default value 'null' instead.
2024-01-30 20:11:24,175 INFO o.a.j.r.c.ReportGeneratorConfiguration: Property 'jmeter.reportgenerator.date_format' not found, using default value 'null' instead.
2024-01-30 20:11:24,175 INFO o.a.j.r.c.ReportGeneratorConfiguration: Will use date range start date: null, end date: null
2024-01-30 20:11:24,178 INFO o.a.j.r.c.ReportGeneratorConfiguration: Property 'jmeter.reportgenerator.graph.totalTPS.exclude_controllers' not found, using default value 'false' instead.
2024-01-30 20:11:24,178 INFO o.a.j.r.c.ReportGeneratorConfiguration: Property 'jmeter.reportgenerator.graph.activeThreadsOverTime.exclude_controllers' not found, using default value 'false' instead.
2024-01-30 20:11:24,178 INFO o.a.j.r.c.ReportGeneratorConfiguration: Property 'jmeter.reportgenerator.graph.timeVsThreads.exclude_controllers' not found, using default value 'false' instead.
2024-01-30 20:11:24,178 INFO o.a.j.r.c.ReportGeneratorConfiguration: Property 'jmeter.reportgenerator.graph.responseTimeDistribution.exclude_controllers' not found, using default value 'false' instead.
2024-01-30 20:11:24,178 INFO o.a.j.r.c.ReportGeneratorConfiguration: Property 'jmeter.reportgenerator.graph.transactionsPerSecond.exclude_controllers' not found, using default value 'false' instead.
2024-01-30 20:11:24,179 INFO o.a.j.r.c.ReportGeneratorConfiguration: Property 'jmeter.reportgenerator.graph.responseTimePercentiles.exclude_controllers' not found, using default value 'false' instead.
2024-01-30 20:11:24,179 INFO o.a.j.r.c.ReportGeneratorConfiguration: Property 'jmeter.reportgenerator.graph.responseTimePercentilesOverTime.exclude_controllers' not found, using default value 'false' instead.
2024-01-30 20:11:24,179 INFO o.a.j.r.c.ReportGeneratorConfiguration: Property 'jmeter.reportgenerator.graph.responseTimesOverTime.exclude_controllers' not found, using default value 'false' instead.
2024-01-30 20:11:24,179 INFO o.a.j.r.c.ReportGeneratorConfiguration: Property 'jmeter.reportgenerator.graph.connectTimeOverTime.exclude_controllers' not found, using default value 'false' instead.
2024-01-30 20:11:24,179 INFO o.a.j.r.c.ReportGeneratorConfiguration: Property 'jmeter.reportgenerator.graph.latenciesOverTime.exclude_controllers' not found, using default value 'false' instead.
2024-01-30 20:11:24,180 INFO o.a.j.r.c.ReportGeneratorConfiguration: Property 'jmeter.reportgenerator.exporter.json.filters_only_sample_series' not found, using default value 'true' instead.
2024-01-30 20:11:24,180 INFO o.a.j.r.c.ReportGeneratorConfiguration: Property 'jmeter.reportgenerator.exporter.json.series_filter' not found, using default value '' instead.
2024-01-30 20:11:24,180 INFO o.a.j.r.c.ReportGeneratorConfiguration: Property 'jmeter.reportgenerator.exporter.json.show_controllers_only' not found, using default value 'false' instead.
2024-01-30 20:11:24,180 INFO o.a.j.r.c.ReportGeneratorConfiguration: Property 'jmeter.reportgenerator.exporter.html.filters_only_sample_series' not found, using default value 'true' instead.
2024-01-30 20:11:24,180 INFO o.a.j.r.c.ReportGeneratorConfiguration: Property 'jmeter.reportgenerator.exporter.html.series_filter' not found, using default value '' instead.
2024-01-30 20:11:24,180 INFO o.a.j.r.c.ReportGeneratorConfiguration: Property 'jmeter.reportgenerator.exporter.html.show_controllers_only' not found, using default value 'false' instead.
2024-01-30 20:11:24,192 INFO o.a.j.e.StandardJMeterEngine: Running the test!
2024-01-30 20:11:24,193 INFO o.a.j.s.SampleEvent: List of sample_variables: []
2024-01-30 20:11:24,193 INFO o.a.j.s.SampleEvent: List of sample_variables: []
2024-01-30 20:11:24,203 INFO o.a.j.e.u.CompoundVariable: Note: Function class names must contain the string: '.functions.'
2024-01-30 20:11:24,203 INFO o.a.j.e.u.CompoundVariable: Note: Function class names must not contain the string: '.gui.'
2024-01-30 20:11:24,420 INFO o.a.j.r.ClassFinder: Will scan jar /Users/zhicheng.jin/apache-jmeter-5.6.3/lib/ext/mysql-connector-j-8.3.0.jar with filter ExtendsClassFilter [parents=[interface org.apache.jmeter.functions.Function], inner=false, contains=null, notContains=null]. Consider exposing JMeter plugins via META-INF/services, and add JMeter-Skip-Class-Scanning=true manifest attribute so JMeter can skip classfile scanning
2024-01-30 20:11:24,566 INFO o.a.j.r.ClassFinder: Will scan jar /Users/zhicheng.jin/apache-jmeter-5.6.3/lib/ext/jmeter-plugins-json-2.7.jar with filter ExtendsClassFilter [parents=[interface org.apache.jmeter.functions.Function], inner=false, contains=null, notContains=null]. Consider exposing JMeter plugins via META-INF/services, and add JMeter-Skip-Class-Scanning=true manifest attribute so JMeter can skip classfile scanning
2024-01-30 20:11:24,571 INFO o.a.j.r.ClassFinder: Will scan jar /Users/zhicheng.jin/apache-jmeter-5.6.3/lib/ext/jmeter-plugins-manager-1.10.jar with filter ExtendsClassFilter [parents=[interface org.apache.jmeter.functions.Function], inner=false, contains=null, notContains=null]. Consider exposing JMeter plugins via META-INF/services, and add JMeter-Skip-Class-Scanning=true manifest attribute so JMeter can skip classfile scanning
2024-01-30 20:11:24,643 INFO o.a.j.r.ClassFinder: Will scan jar /Users/zhicheng.jin/apache-jmeter-5.6.3/lib/ext/jmeter-plugins-redis-0.6.jar with filter ExtendsClassFilter [parents=[interface org.apache.jmeter.functions.Function], inner=false, contains=null, notContains=null]. Consider exposing JMeter plugins via META-INF/services, and add JMeter-Skip-Class-Scanning=true manifest attribute so JMeter can skip classfile scanning
2024-01-30 20:11:24,690 INFO o.a.j.JMeter: Running test (1706616684690)
2024-01-30 20:11:24,707 INFO o.a.j.e.StandardJMeterEngine: Starting ThreadGroup: 1 : Thread Group
2024-01-30 20:11:24,707 INFO o.a.j.e.StandardJMeterEngine: Starting 140 threads for group Thread Group.
2024-01-30 20:11:24,707 INFO o.a.j.e.StandardJMeterEngine: Thread will continue on error
2024-01-30 20:11:24,708 INFO o.a.j.t.ThreadGroup: Starting thread group... number=1 threads=140 ramp-up=1 delayedStart=false
2024-01-30 20:11:24,733 INFO o.a.j.t.JMeterThread: Thread started: Thread Group 1-1
2024-01-30 20:11:24,733 INFO o.a.j.t.JMeterThread: Thread started: Thread Group 1-2
2024-01-30 20:11:24,735 INFO o.a.j.s.FileServer: Stored: /Users/zhicheng.jin/ijmeter/jmx/users.csv
2024-01-30 20:11:24,743 INFO o.a.j.t.JMeterThread: Thread started: Thread Group 1-3
2024-01-30 20:11:24,749 INFO o.a.j.t.JMeterThread: Thread started: Thread Group 1-4
2024-01-30 20:11:24,756 INFO o.a.j.t.JMeterThread: Thread started: Thread Group 1-5
2024-01-30 20:11:24,763 INFO o.a.j.t.JMeterThread: Thread started: Thread Group 1-6
2024-01-30 20:11:24,776 INFO o.a.j.p.h.s.HTTPHCAbstractImpl: Local host = zhichengdembp
2024-01-30 20:11:24,778 INFO o.a.j.t.JMeterThread: Thread started: Thread Group 1-7
2024-01-30 20:11:24,783 INFO o.a.j.p.h.s.HTTPHC4Impl: HTTP request retry count = 0
2024-01-30 20:11:24,785 INFO o.a.j.s.SampleResult: Note: Sample TimeStamps are START times
2024-01-30 20:11:24,785 INFO o.a.j.s.SampleResult: sampleresult.default.encoding is set to UTF-8
2024-01-30 20:11:24,785 INFO o.a.j.s.SampleResult: sampleresult.useNanoTime=true
2024-01-30 20:11:24,785 INFO o.a.j.s.SampleResult: sampleresult.nanoThreadSleep=5000
2024-01-30 20:11:24,790 INFO o.a.j.t.JMeterThread: Thread started: Thread Group 1-8
2024-01-30 20:11:24,800 INFO o.a.j.t.JMeterThread: Thread started: Thread Group 1-9
2024-01-30 20:11:24,810 INFO o.a.j.t.JMeterThread: Thread started: Thread Group 1-10
2024-01-30 20:11:24,820 INFO o.a.j.t.JMeterThread: Thread started: Thread Group 1-11
2024-01-30 20:11:24,828 INFO o.a.j.t.JMeterThread: Thread started: Thread Group 1-12
2024-01-30 20:11:24,832 INFO o.a.j.t.JMeterThread: Thread started: Thread Group 1-13
2024-01-30 20:11:24,840 INFO o.a.j.t.JMeterThread: Thread started: Thread Group 1-14
2024-01-30 20:11:24,852 INFO o.a.j.t.JMeterThread: Thread started: Thread Group 1-15
2024-01-30 20:11:24,866 INFO o.a.j.t.JMeterThread: Thread started: Thread Group 1-16
2024-01-30 20:11:24,876 INFO o.a.j.t.JMeterThread: Thread started: Thread Group 1-17
2024-01-30 20:11:24,892 INFO o.a.j.t.JMeterThread: Thread started: Thread Group 1-18
2024-01-30 20:11:24,897 INFO o.a.j.p.h.s.h.LazyLayeredConnectionSocketFactory: Setting up HTTPS TrustAll Socket Factory
2024-01-30 20:11:24,903 INFO o.a.j.u.JsseSSLManager: Using default SSL protocol: TLS
2024-01-30 20:11:24,903 INFO o.a.j.u.JsseSSLManager: SSL session context: per-thread
2024-01-30 20:11:24,904 INFO o.a.j.t.JMeterThread: Thread started: Thread Group 1-19
2024-01-30 20:11:24,914 INFO o.a.j.t.JMeterThread: Thread started: Thread Group 1-20
2024-01-30 20:11:24,922 INFO o.a.j.t.JMeterThread: Thread started: Thread Group 1-21
2024-01-30 20:11:24,926 INFO o.a.j.t.JMeterThread: Thread started: Thread Group 1-22
2024-01-30 20:11:24,933 INFO o.a.j.t.JMeterThread: Thread started: Thread Group 1-23
2024-01-30 20:11:24,937 INFO o.a.j.t.JMeterThread: Thread started: Thread Group 1-24
2024-01-30 20:11:24,943 INFO o.a.j.t.JMeterThread: Thread started: Thread Group 1-25
2024-01-30 20:11:24,948 INFO o.a.j.t.JMeterThread: Thread started: Thread Group 1-26
2024-01-30 20:11:24,953 INFO o.a.j.t.JMeterThread: Thread started: Thread Group 1-27
2024-01-30 20:11:24,958 INFO o.a.j.t.JMeterThread: Thread started: Thread Group 1-28
2024-01-30 20:11:24,963 INFO o.a.j.t.JMeterThread: Thread started: Thread Group 1-29
2024-01-30 20:11:24,968 INFO o.a.j.t.JMeterThread: Thread started: Thread Group 1-30
2024-01-30 20:11:24,972 INFO o.a.j.t.JMeterThread: Thread started: Thread Group 1-31
2024-01-30 20:11:24,975 INFO o.a.j.u.SSLManager: JmeterKeyStore Location:  type JKS
2024-01-30 20:11:24,979 INFO o.a.j.u.SSLManager: KeyStore created OK
2024-01-30 20:11:24,979 WARN o.a.j.u.SSLManager: Keystore file not found, loading empty keystore
2024-01-30 20:11:24,979 INFO o.a.j.t.JMeterThread: Thread started: Thread Group 1-32
2024-01-30 20:11:24,987 INFO o.a.j.t.JMeterThread: Thread started: Thread Group 1-33
2024-01-30 20:11:24,991 INFO o.a.j.t.JMeterThread: Thread started: Thread Group 1-34
2024-01-30 20:11:24,996 INFO o.a.j.t.JMeterThread: Thread started: Thread Group 1-35
2024-01-30 20:11:25,000 INFO o.a.j.t.JMeterThread: Thread started: Thread Group 1-36
2024-01-30 20:11:25,005 INFO o.a.j.t.JMeterThread: Thread started: Thread Group 1-37
2024-01-30 20:11:25,011 INFO o.a.j.t.JMeterThread: Thread started: Thread Group 1-38
2024-01-30 20:11:25,016 INFO o.a.j.t.JMeterThread: Thread started: Thread Group 1-39
2024-01-30 20:11:25,021 INFO o.a.j.t.JMeterThread: Thread started: Thread Group 1-40
2024-01-30 20:11:25,029 INFO o.a.j.t.JMeterThread: Thread started: Thread Group 1-41
2024-01-30 20:11:25,036 INFO o.a.j.t.JMeterThread: Thread started: Thread Group 1-42
2024-01-30 20:11:25,043 INFO o.a.j.t.JMeterThread: Thread started: Thread Group 1-43
2024-01-30 20:11:25,052 INFO o.a.j.t.JMeterThread: Thread started: Thread Group 1-44
2024-01-30 20:11:25,058 INFO o.a.j.t.JMeterThread: Thread started: Thread Group 1-45
2024-01-30 20:11:25,068 INFO o.a.j.t.JMeterThread: Thread started: Thread Group 1-46
2024-01-30 20:11:25,075 INFO o.a.j.t.JMeterThread: Thread started: Thread Group 1-47
2024-01-30 20:11:25,083 INFO o.a.j.t.JMeterThread: Thread started: Thread Group 1-48
2024-01-30 20:11:25,090 INFO o.a.j.t.JMeterThread: Thread started: Thread Group 1-49
2024-01-30 20:11:25,097 INFO o.a.j.t.JMeterThread: Thread started: Thread Group 1-50
2024-01-30 20:11:25,108 INFO o.a.j.t.JMeterThread: Thread started: Thread Group 1-51
2024-01-30 20:11:25,153 INFO o.a.j.t.JMeterThread: Thread started: Thread Group 1-52
2024-01-30 20:11:25,160 INFO o.a.j.t.JMeterThread: Thread started: Thread Group 1-53
2024-01-30 20:11:25,167 INFO o.a.j.t.JMeterThread: Thread started: Thread Group 1-54
2024-01-30 20:11:25,173 INFO o.a.j.t.JMeterThread: Thread started: Thread Group 1-55
2024-01-30 20:11:25,180 INFO o.a.j.t.JMeterThread: Thread started: Thread Group 1-56
2024-01-30 20:11:25,190 INFO o.a.j.t.JMeterThread: Thread started: Thread Group 1-57
2024-01-30 20:11:25,202 INFO o.a.j.t.JMeterThread: Thread started: Thread Group 1-58
2024-01-30 20:11:25,220 INFO o.a.j.t.JMeterThread: Thread started: Thread Group 1-59
2024-01-30 20:11:25,233 INFO o.a.j.t.JMeterThread: Thread started: Thread Group 1-60
2024-01-30 20:11:25,252 INFO o.a.j.t.JMeterThread: Thread started: Thread Group 1-61
2024-01-30 20:11:25,266 INFO o.a.j.t.JMeterThread: Thread started: Thread Group 1-62
2024-01-30 20:11:25,300 INFO o.a.j.t.JMeterThread: Thread started: Thread Group 1-63
2024-01-30 20:11:25,367 INFO o.a.j.t.JMeterThread: Thread started: Thread Group 1-64
2024-01-30 20:11:25,382 INFO o.a.j.t.JMeterThread: Thread started: Thread Group 1-65
2024-01-30 20:11:25,392 INFO o.a.j.t.JMeterThread: Thread started: Thread Group 1-66
2024-01-30 20:11:25,403 INFO o.a.j.t.JMeterThread: Thread started: Thread Group 1-67
2024-01-30 20:11:25,411 INFO o.a.j.t.JMeterThread: Thread started: Thread Group 1-68
2024-01-30 20:11:25,420 INFO o.a.j.t.JMeterThread: Thread started: Thread Group 1-69
2024-01-30 20:11:25,431 INFO o.a.j.t.JMeterThread: Thread started: Thread Group 1-70
2024-01-30 20:11:25,440 INFO o.a.j.t.JMeterThread: Thread started: Thread Group 1-71
2024-01-30 20:11:25,449 INFO o.a.j.t.JMeterThread: Thread started: Thread Group 1-72
2024-01-30 20:11:25,458 INFO o.a.j.t.JMeterThread: Thread started: Thread Group 1-73
2024-01-30 20:11:25,466 INFO o.a.j.t.JMeterThread: Thread started: Thread Group 1-74
2024-01-30 20:11:25,475 INFO o.a.j.t.JMeterThread: Thread started: Thread Group 1-75
2024-01-30 20:11:25,484 INFO o.a.j.t.JMeterThread: Thread started: Thread Group 1-76
2024-01-30 20:11:25,494 INFO o.a.j.t.JMeterThread: Thread started: Thread Group 1-77
2024-01-30 20:11:25,510 INFO o.a.j.t.JMeterThread: Thread started: Thread Group 1-78
2024-01-30 20:11:25,518 INFO o.a.j.t.JMeterThread: Thread started: Thread Group 1-79
2024-01-30 20:11:25,531 INFO o.a.j.t.JMeterThread: Thread started: Thread Group 1-80
2024-01-30 20:11:25,560 INFO o.a.j.t.JMeterThread: Thread started: Thread Group 1-81
2024-01-30 20:11:25,585 INFO o.a.j.t.JMeterThread: Thread started: Thread Group 1-82
2024-01-30 20:11:25,600 INFO o.a.j.t.JMeterThread: Thread started: Thread Group 1-83
2024-01-30 20:11:25,615 INFO o.a.j.t.JMeterThread: Thread started: Thread Group 1-84
2024-01-30 20:11:25,629 INFO o.a.j.t.JMeterThread: Thread started: Thread Group 1-85
2024-01-30 20:11:25,639 INFO o.a.j.t.JMeterThread: Thread started: Thread Group 1-86
2024-01-30 20:11:25,673 INFO o.a.j.t.JMeterThread: Thread started: Thread Group 1-87
2024-01-30 20:11:25,689 INFO o.a.j.t.JMeterThread: Thread started: Thread Group 1-88
2024-01-30 20:11:25,705 INFO o.a.j.t.JMeterThread: Thread started: Thread Group 1-89
2024-01-30 20:11:25,725 INFO o.a.j.t.JMeterThread: Thread started: Thread Group 1-90
2024-01-30 20:11:25,743 INFO o.a.j.t.JMeterThread: Thread started: Thread Group 1-91
2024-01-30 20:11:25,755 INFO o.a.j.t.JMeterThread: Thread started: Thread Group 1-92
2024-01-30 20:11:25,805 INFO o.a.j.t.JMeterThread: Thread started: Thread Group 1-93
2024-01-30 20:11:25,820 INFO o.a.j.t.JMeterThread: Thread started: Thread Group 1-94
2024-01-30 20:11:25,831 INFO o.a.j.t.JMeterThread: Thread started: Thread Group 1-95
2024-01-30 20:11:25,854 INFO o.a.j.t.JMeterThread: Thread started: Thread Group 1-96
2024-01-30 20:11:25,868 INFO o.a.j.t.JMeterThread: Thread started: Thread Group 1-97
2024-01-30 20:11:25,878 INFO o.a.j.t.JMeterThread: Thread started: Thread Group 1-98
2024-01-30 20:11:25,888 INFO o.a.j.t.JMeterThread: Thread started: Thread Group 1-99
2024-01-30 20:11:25,969 INFO o.a.j.t.JMeterThread: Thread started: Thread Group 1-100
2024-01-30 20:11:25,985 INFO o.a.j.t.JMeterThread: Thread started: Thread Group 1-101
2024-01-30 20:11:25,994 INFO o.a.j.t.JMeterThread: Thread started: Thread Group 1-102
2024-01-30 20:11:26,010 INFO o.a.j.t.JMeterThread: Thread started: Thread Group 1-104
2024-01-30 20:11:26,002 INFO o.a.j.t.JMeterThread: Thread started: Thread Group 1-103
2024-01-30 20:11:26,018 INFO o.a.j.t.JMeterThread: Thread started: Thread Group 1-105
2024-01-30 20:11:26,025 INFO o.a.j.t.JMeterThread: Thread started: Thread Group 1-106
2024-01-30 20:11:26,033 INFO o.a.j.t.JMeterThread: Thread started: Thread Group 1-107
2024-01-30 20:11:26,042 INFO o.a.j.t.JMeterThread: Thread started: Thread Group 1-108
2024-01-30 20:11:26,051 INFO o.a.j.t.JMeterThread: Thread started: Thread Group 1-109
2024-01-30 20:11:26,058 INFO o.a.j.t.JMeterThread: Thread started: Thread Group 1-110
2024-01-30 20:11:26,066 INFO o.a.j.t.JMeterThread: Thread started: Thread Group 1-111
2024-01-30 20:11:26,076 INFO o.a.j.t.JMeterThread: Thread started: Thread Group 1-112
2024-01-30 20:11:26,084 INFO o.a.j.t.JMeterThread: Thread started: Thread Group 1-113
2024-01-30 20:11:26,091 INFO o.a.j.t.JMeterThread: Thread started: Thread Group 1-114
2024-01-30 20:11:26,100 INFO o.a.j.t.JMeterThread: Thread started: Thread Group 1-115
2024-01-30 20:11:26,108 INFO o.a.j.t.JMeterThread: Thread started: Thread Group 1-116
2024-01-30 20:11:26,118 INFO o.a.j.t.JMeterThread: Thread started: Thread Group 1-117
2024-01-30 20:11:26,125 INFO o.a.j.t.JMeterThread: Thread started: Thread Group 1-118
2024-01-30 20:11:26,132 INFO o.a.j.t.JMeterThread: Thread started: Thread Group 1-119
2024-01-30 20:11:26,142 INFO o.a.j.t.JMeterThread: Thread started: Thread Group 1-120
2024-01-30 20:11:26,152 INFO o.a.j.t.JMeterThread: Thread started: Thread Group 1-121
2024-01-30 20:11:26,162 INFO o.a.j.t.JMeterThread: Thread started: Thread Group 1-122
2024-01-30 20:11:26,173 INFO o.a.j.t.JMeterThread: Thread started: Thread Group 1-123
2024-01-30 20:11:26,184 INFO o.a.j.t.JMeterThread: Thread started: Thread Group 1-124
2024-01-30 20:11:26,205 INFO o.a.j.t.JMeterThread: Thread started: Thread Group 1-125
2024-01-30 20:11:26,210 INFO o.a.j.t.JMeterThread: Thread started: Thread Group 1-126
2024-01-30 20:11:26,216 INFO o.a.j.t.JMeterThread: Thread started: Thread Group 1-127
2024-01-30 20:11:26,223 INFO o.a.j.t.JMeterThread: Thread started: Thread Group 1-128
2024-01-30 20:11:26,229 INFO o.a.j.t.JMeterThread: Thread started: Thread Group 1-129
2024-01-30 20:11:26,235 INFO o.a.j.t.JMeterThread: Thread started: Thread Group 1-130
2024-01-30 20:11:26,242 INFO o.a.j.t.JMeterThread: Thread started: Thread Group 1-131
2024-01-30 20:11:26,248 INFO o.a.j.t.JMeterThread: Thread started: Thread Group 1-132
2024-01-30 20:11:26,255 INFO o.a.j.t.JMeterThread: Thread started: Thread Group 1-133
2024-01-30 20:11:26,261 INFO o.a.j.t.JMeterThread: Thread started: Thread Group 1-134
2024-01-30 20:11:26,266 INFO o.a.j.t.JMeterThread: Thread started: Thread Group 1-135
2024-01-30 20:11:26,273 INFO o.a.j.t.JMeterThread: Thread started: Thread Group 1-136
2024-01-30 20:11:26,278 INFO o.a.j.t.JMeterThread: Thread started: Thread Group 1-137
2024-01-30 20:11:26,284 INFO o.a.j.t.JMeterThread: Thread started: Thread Group 1-138
2024-01-30 20:11:26,292 INFO o.a.j.t.JMeterThread: Thread started: Thread Group 1-139
2024-01-30 20:11:26,297 INFO o.a.j.t.ThreadGroup: Started thread group number 1
2024-01-30 20:11:26,297 INFO o.a.j.e.StandardJMeterEngine: All thread groups have been started
2024-01-30 20:11:26,297 INFO o.a.j.t.JMeterThread: Thread started: Thread Group 1-140
2024-01-30 20:11:30,006 INFO o.a.j.r.Summariser: summary +    956 in 00:00:05 =  179.9/s Avg:   568 Min:     0 Max:  2848 Err:     0 (0.00%) Active: 140 Started: 140 Finished: 0
2024-01-30 20:12:00,700 INFO o.a.j.r.Summariser: summary +   1092 in 00:00:31 =   35.6/s Avg:  2243 Min:     0 Max: 14390 Err:    16 (1.47%) Active: 140 Started: 140 Finished: 0
2024-01-30 20:12:00,700 INFO o.a.j.r.Summariser: summary =   2048 in 00:00:36 =   56.9/s Avg:  1461 Min:     0 Max: 14390 Err:    16 (0.78%)
2024-01-30 20:13:01,410 INFO o.a.j.r.Summariser: summary +   3535 in 00:01:01 =   58.2/s Avg:  2291 Min:     0 Max: 17540 Err:    22 (0.62%) Active: 140 Started: 140 Finished: 0
2024-01-30 20:13:01,411 INFO o.a.j.r.Summariser: summary =   5583 in 00:01:37 =   57.7/s Avg:  1986 Min:     0 Max: 17540 Err:    38 (0.68%)
2024-01-30 20:14:01,413 INFO o.a.j.r.Summariser: summary +   3128 in 00:01:00 =   52.1/s Avg:  2671 Min:     0 Max: 17492 Err:     0 (0.00%) Active: 140 Started: 140 Finished: 0
2024-01-30 20:14:01,414 INFO o.a.j.r.Summariser: summary =   8711 in 00:02:37 =   55.6/s Avg:  2232 Min:     0 Max: 17540 Err:    38 (0.44%)
2024-01-30 20:15:01,427 INFO o.a.j.r.Summariser: summary +   3141 in 00:01:00 =   52.3/s Avg:  2672 Min:     0 Max: 17473 Err:     6 (0.19%) Active: 140 Started: 140 Finished: 0
2024-01-30 20:15:01,428 INFO o.a.j.r.Summariser: summary =  11852 in 00:03:37 =   54.7/s Avg:  2349 Min:     0 Max: 17540 Err:    44 (0.37%)
2024-01-30 20:16:01,441 INFO o.a.j.r.Summariser: summary +   3148 in 00:01:00 =   52.5/s Avg:  2660 Min:     0 Max: 17437 Err:    10 (0.32%) Active: 140 Started: 140 Finished: 0
2024-01-30 20:16:01,442 INFO o.a.j.r.Summariser: summary =  15000 in 00:04:37 =   54.2/s Avg:  2414 Min:     0 Max: 17540 Err:    54 (0.36%)
2024-01-30 20:16:24,802 INFO o.a.j.t.JMeterThread: Stopping because end time detected by thread: Thread Group 1-9
2024-01-30 20:16:24,803 INFO o.a.j.t.JMeterThread: Thread finished: Thread Group 1-9
2024-01-30 20:16:24,821 INFO o.a.j.t.JMeterThread: Stopping because end time detected by thread: Thread Group 1-11
2024-01-30 20:16:24,821 INFO o.a.j.t.JMeterThread: Thread finished: Thread Group 1-11
2024-01-30 20:16:24,861 INFO o.a.j.t.JMeterThread: Stopping because end time detected by thread: Thread Group 1-6
2024-01-30 20:16:24,861 INFO o.a.j.t.JMeterThread: Thread finished: Thread Group 1-6
2024-01-30 20:16:24,862 INFO o.a.j.t.JMeterThread: Stopping because end time detected by thread: Thread Group 1-7
2024-01-30 20:16:24,862 INFO o.a.j.t.JMeterThread: Thread finished: Thread Group 1-7
2024-01-30 20:16:24,867 INFO o.a.j.t.JMeterThread: Stopping because end time detected by thread: Thread Group 1-15
2024-01-30 20:16:24,867 INFO o.a.j.t.JMeterThread: Thread finished: Thread Group 1-15
2024-01-30 20:16:24,903 INFO o.a.j.t.JMeterThread: Stopping because end time detected by thread: Thread Group 1-13
2024-01-30 20:16:24,904 INFO o.a.j.t.JMeterThread: Thread finished: Thread Group 1-13
2024-01-30 20:16:24,908 INFO o.a.j.t.JMeterThread: Stopping because end time detected by thread: Thread Group 1-14
2024-01-30 20:16:24,909 INFO o.a.j.t.JMeterThread: Thread finished: Thread Group 1-14
2024-01-30 20:16:24,919 INFO o.a.j.t.JMeterThread: Stopping because end time detected by thread: Thread Group 1-8
2024-01-30 20:16:24,919 INFO o.a.j.t.JMeterThread: Thread finished: Thread Group 1-8
2024-01-30 20:16:24,932 INFO o.a.j.t.JMeterThread: Stopping because end time detected by thread: Thread Group 1-2
2024-01-30 20:16:24,932 INFO o.a.j.t.JMeterThread: Thread finished: Thread Group 1-2
2024-01-30 20:16:24,934 INFO o.a.j.t.JMeterThread: Stopping because end time detected by thread: Thread Group 1-12
2024-01-30 20:16:24,934 INFO o.a.j.t.JMeterThread: Thread finished: Thread Group 1-12
2024-01-30 20:16:24,957 INFO o.a.j.t.JMeterThread: Stopping because end time detected by thread: Thread Group 1-26
2024-01-30 20:16:24,957 INFO o.a.j.t.JMeterThread: Thread finished: Thread Group 1-26
2024-01-30 20:16:24,957 INFO o.a.j.t.JMeterThread: Stopping because end time detected by thread: Thread Group 1-10
2024-01-30 20:16:24,957 INFO o.a.j.t.JMeterThread: Thread finished: Thread Group 1-10
2024-01-30 20:16:24,957 INFO o.a.j.t.JMeterThread: Stopping because end time detected by thread: Thread Group 1-20
2024-01-30 20:16:24,958 INFO o.a.j.t.JMeterThread: Thread finished: Thread Group 1-20
2024-01-30 20:16:24,966 INFO o.a.j.t.JMeterThread: Stopping because end time detected by thread: Thread Group 1-3
2024-01-30 20:16:24,966 INFO o.a.j.t.JMeterThread: Thread finished: Thread Group 1-3
2024-01-30 20:16:24,973 INFO o.a.j.t.JMeterThread: Stopping because end time detected by thread: Thread Group 1-1
2024-01-30 20:16:24,973 INFO o.a.j.t.JMeterThread: Thread finished: Thread Group 1-1
2024-01-30 20:16:24,977 INFO o.a.j.t.JMeterThread: Stopping because end time detected by thread: Thread Group 1-22
2024-01-30 20:16:24,977 INFO o.a.j.t.JMeterThread: Thread finished: Thread Group 1-22
2024-01-30 20:16:25,000 INFO o.a.j.t.JMeterThread: Stopping because end time detected by thread: Thread Group 1-4
2024-01-30 20:16:25,001 INFO o.a.j.t.JMeterThread: Thread finished: Thread Group 1-4
2024-01-30 20:16:25,024 INFO o.a.j.t.JMeterThread: Stopping because end time detected by thread: Thread Group 1-28
2024-01-30 20:16:25,024 INFO o.a.j.t.JMeterThread: Thread finished: Thread Group 1-28
2024-01-30 20:16:25,034 INFO o.a.j.t.JMeterThread: Stopping because end time detected by thread: Thread Group 1-36
2024-01-30 20:16:25,034 INFO o.a.j.t.JMeterThread: Thread finished: Thread Group 1-36
2024-01-30 20:16:25,064 INFO o.a.j.t.JMeterThread: Stopping because end time detected by thread: Thread Group 1-16
2024-01-30 20:16:25,065 INFO o.a.j.t.JMeterThread: Thread finished: Thread Group 1-16
2024-01-30 20:16:25,065 INFO o.a.j.t.JMeterThread: Stopping because end time detected by thread: Thread Group 1-43
2024-01-30 20:16:25,065 INFO o.a.j.t.JMeterThread: Thread finished: Thread Group 1-43
2024-01-30 20:16:25,082 INFO o.a.j.t.JMeterThread: Stopping because end time detected by thread: Thread Group 1-25
2024-01-30 20:16:25,082 INFO o.a.j.t.JMeterThread: Thread finished: Thread Group 1-25
2024-01-30 20:16:25,086 INFO o.a.j.t.JMeterThread: Stopping because end time detected by thread: Thread Group 1-21
2024-01-30 20:16:25,086 INFO o.a.j.t.JMeterThread: Thread finished: Thread Group 1-21
2024-01-30 20:16:25,125 INFO o.a.j.t.JMeterThread: Stopping because end time detected by thread: Thread Group 1-24
2024-01-30 20:16:25,126 INFO o.a.j.t.JMeterThread: Thread finished: Thread Group 1-24
2024-01-30 20:16:25,132 INFO o.a.j.t.JMeterThread: Stopping because end time detected by thread: Thread Group 1-31
2024-01-30 20:16:25,132 INFO o.a.j.t.JMeterThread: Thread finished: Thread Group 1-31
2024-01-30 20:16:25,149 INFO o.a.j.t.JMeterThread: Stopping because end time detected by thread: Thread Group 1-34
2024-01-30 20:16:25,149 INFO o.a.j.t.JMeterThread: Thread finished: Thread Group 1-34
2024-01-30 20:16:25,153 INFO o.a.j.t.JMeterThread: Stopping because end time detected by thread: Thread Group 1-35
2024-01-30 20:16:25,153 INFO o.a.j.t.JMeterThread: Thread finished: Thread Group 1-35
2024-01-30 20:16:25,165 INFO o.a.j.t.JMeterThread: Stopping because end time detected by thread: Thread Group 1-44
2024-01-30 20:16:25,165 INFO o.a.j.t.JMeterThread: Thread finished: Thread Group 1-44
2024-01-30 20:16:25,168 INFO o.a.j.t.JMeterThread: Stopping because end time detected by thread: Thread Group 1-30
2024-01-30 20:16:25,168 INFO o.a.j.t.JMeterThread: Thread finished: Thread Group 1-30
2024-01-30 20:16:25,184 INFO o.a.j.t.JMeterThread: Stopping because end time detected by thread: Thread Group 1-45
2024-01-30 20:16:25,184 INFO o.a.j.t.JMeterThread: Thread finished: Thread Group 1-45
2024-01-30 20:16:25,202 INFO o.a.j.t.JMeterThread: Stopping because end time detected by thread: Thread Group 1-51
2024-01-30 20:16:25,202 INFO o.a.j.t.JMeterThread: Thread finished: Thread Group 1-51
2024-01-30 20:16:25,203 INFO o.a.j.t.JMeterThread: Stopping because end time detected by thread: Thread Group 1-37
2024-01-30 20:16:25,204 INFO o.a.j.t.JMeterThread: Thread finished: Thread Group 1-37
2024-01-30 20:16:25,234 INFO o.a.j.t.JMeterThread: Stopping because end time detected by thread: Thread Group 1-46
2024-01-30 20:16:25,235 INFO o.a.j.t.JMeterThread: Thread finished: Thread Group 1-46
2024-01-30 20:16:25,252 INFO o.a.j.t.JMeterThread: Stopping because end time detected by thread: Thread Group 1-29
2024-01-30 20:16:25,252 INFO o.a.j.t.JMeterThread: Thread finished: Thread Group 1-29
2024-01-30 20:16:25,255 INFO o.a.j.t.JMeterThread: Stopping because end time detected by thread: Thread Group 1-40
2024-01-30 20:16:25,256 INFO o.a.j.t.JMeterThread: Thread finished: Thread Group 1-40
2024-01-30 20:16:32,974 INFO o.a.j.t.JMeterThread: Stopping because end time detected by thread: Thread Group 1-38
2024-01-30 20:16:32,974 INFO o.a.j.t.JMeterThread: Stopping because end time detected by thread: Thread Group 1-39
2024-01-30 20:16:32,974 INFO o.a.j.t.JMeterThread: Stopping because end time detected by thread: Thread Group 1-47
2024-01-30 20:16:32,987 INFO o.a.j.t.JMeterThread: Thread finished: Thread Group 1-38
2024-01-30 20:16:32,987 INFO o.a.j.t.JMeterThread: Stopping because end time detected by thread: Thread Group 1-98
2024-01-30 20:16:32,988 INFO o.a.j.t.JMeterThread: Thread finished: Thread Group 1-98
2024-01-30 20:16:32,988 INFO o.a.j.t.JMeterThread: Thread finished: Thread Group 1-39
2024-01-30 20:16:32,988 INFO o.a.j.t.JMeterThread: Stopping because end time detected by thread: Thread Group 1-84
2024-01-30 20:16:32,988 INFO o.a.j.t.JMeterThread: Stopping because end time detected by thread: Thread Group 1-79
2024-01-30 20:16:32,987 INFO o.a.j.t.JMeterThread: Stopping because end time detected by thread: Thread Group 1-131
2024-01-30 20:16:32,988 INFO o.a.j.t.JMeterThread: Thread finished: Thread Group 1-79
2024-01-30 20:16:32,984 INFO o.a.j.t.JMeterThread: Stopping because end time detected by thread: Thread Group 1-134
2024-01-30 20:16:32,983 INFO o.a.j.t.JMeterThread: Stopping because end time detected by thread: Thread Group 1-128
2024-01-30 20:16:32,988 INFO o.a.j.t.JMeterThread: Thread finished: Thread Group 1-128
2024-01-30 20:16:32,983 INFO o.a.j.t.JMeterThread: Stopping because end time detected by thread: Thread Group 1-109
2024-01-30 20:16:32,983 INFO o.a.j.t.JMeterThread: Stopping because end time detected by thread: Thread Group 1-137
2024-01-30 20:16:32,983 INFO o.a.j.t.JMeterThread: Stopping because end time detected by thread: Thread Group 1-78
2024-01-30 20:16:32,989 INFO o.a.j.t.JMeterThread: Thread finished: Thread Group 1-109
2024-01-30 20:16:32,982 INFO o.a.j.t.JMeterThread: Stopping because end time detected by thread: Thread Group 1-59
2024-01-30 20:16:32,989 INFO o.a.j.t.JMeterThread: Thread finished: Thread Group 1-137
2024-01-30 20:16:32,982 INFO o.a.j.t.JMeterThread: Stopping because end time detected by thread: Thread Group 1-50
2024-01-30 20:16:32,982 INFO o.a.j.t.JMeterThread: Stopping because end time detected by thread: Thread Group 1-62
2024-01-30 20:16:32,989 INFO o.a.j.t.JMeterThread: Thread finished: Thread Group 1-50
2024-01-30 20:16:32,989 INFO o.a.j.t.JMeterThread: Thread finished: Thread Group 1-62
2024-01-30 20:16:32,982 INFO o.a.j.t.JMeterThread: Stopping because end time detected by thread: Thread Group 1-55
2024-01-30 20:16:32,982 INFO o.a.j.t.JMeterThread: Stopping because end time detected by thread: Thread Group 1-104
2024-01-30 20:16:32,982 INFO o.a.j.t.JMeterThread: Stopping because end time detected by thread: Thread Group 1-132
2024-01-30 20:16:32,981 INFO o.a.j.t.JMeterThread: Stopping because end time detected by thread: Thread Group 1-114
2024-01-30 20:16:32,981 INFO o.a.j.t.JMeterThread: Stopping because end time detected by thread: Thread Group 1-58
2024-01-30 20:16:32,989 INFO o.a.j.t.JMeterThread: Thread finished: Thread Group 1-132
2024-01-30 20:16:32,980 INFO o.a.j.t.JMeterThread: Stopping because end time detected by thread: Thread Group 1-127
2024-01-30 20:16:32,980 INFO o.a.j.t.JMeterThread: Stopping because end time detected by thread: Thread Group 1-66
2024-01-30 20:16:32,989 INFO o.a.j.t.JMeterThread: Thread finished: Thread Group 1-127
2024-01-30 20:16:32,980 INFO o.a.j.t.JMeterThread: Stopping because end time detected by thread: Thread Group 1-110
2024-01-30 20:16:32,980 INFO o.a.j.t.JMeterThread: Stopping because end time detected by thread: Thread Group 1-135
2024-01-30 20:16:32,979 INFO o.a.j.t.JMeterThread: Stopping because end time detected by thread: Thread Group 1-116
2024-01-30 20:16:32,979 INFO o.a.j.t.JMeterThread: Stopping because end time detected by thread: Thread Group 1-57
2024-01-30 20:16:32,979 INFO o.a.j.t.JMeterThread: Stopping because end time detected by thread: Thread Group 1-81
2024-01-30 20:16:32,990 INFO o.a.j.t.JMeterThread: Thread finished: Thread Group 1-57
2024-01-30 20:16:32,990 INFO o.a.j.t.JMeterThread: Thread finished: Thread Group 1-81
2024-01-30 20:16:32,978 INFO o.a.j.t.JMeterThread: Stopping because end time detected by thread: Thread Group 1-83
2024-01-30 20:16:32,990 INFO o.a.j.t.JMeterThread: Stopping because end time detected by thread: Thread Group 1-118
2024-01-30 20:16:32,990 INFO o.a.j.t.JMeterThread: Thread finished: Thread Group 1-83
2024-01-30 20:16:32,978 INFO o.a.j.t.JMeterThread: Stopping because end time detected by thread: Thread Group 1-121
2024-01-30 20:16:32,977 INFO o.a.j.t.JMeterThread: Stopping because end time detected by thread: Thread Group 1-101
2024-01-30 20:16:32,990 INFO o.a.j.t.JMeterThread: Thread finished: Thread Group 1-121
2024-01-30 20:16:32,977 INFO o.a.j.t.JMeterThread: Stopping because end time detected by thread: Thread Group 1-91
2024-01-30 20:16:32,990 INFO o.a.j.t.JMeterThread: Thread finished: Thread Group 1-101
2024-01-30 20:16:32,990 INFO o.a.j.t.JMeterThread: Thread finished: Thread Group 1-91
2024-01-30 20:16:32,977 INFO o.a.j.t.JMeterThread: Stopping because end time detected by thread: Thread Group 1-140
2024-01-30 20:16:32,976 INFO o.a.j.t.JMeterThread: Stopping because end time detected by thread: Thread Group 1-76
2024-01-30 20:16:32,990 INFO o.a.j.t.JMeterThread: Thread finished: Thread Group 1-140
2024-01-30 20:16:32,976 INFO o.a.j.t.JMeterThread: Stopping because end time detected by thread: Thread Group 1-63
2024-01-30 20:16:32,976 INFO o.a.j.t.JMeterThread: Stopping because end time detected by thread: Thread Group 1-71
2024-01-30 20:16:32,990 INFO o.a.j.t.JMeterThread: Thread finished: Thread Group 1-63
2024-01-30 20:16:32,990 INFO o.a.j.t.JMeterThread: Thread finished: Thread Group 1-71
2024-01-30 20:16:32,976 INFO o.a.j.t.JMeterThread: Stopping because end time detected by thread: Thread Group 1-136
2024-01-30 20:16:32,976 INFO o.a.j.t.JMeterThread: Stopping because end time detected by thread: Thread Group 1-61
2024-01-30 20:16:32,976 INFO o.a.j.t.JMeterThread: Stopping because end time detected by thread: Thread Group 1-64
2024-01-30 20:16:32,976 INFO o.a.j.t.JMeterThread: Stopping because end time detected by thread: Thread Group 1-100
2024-01-30 20:16:32,991 INFO o.a.j.t.JMeterThread: Thread finished: Thread Group 1-61
2024-01-30 20:16:32,991 INFO o.a.j.t.JMeterThread: Thread finished: Thread Group 1-64
2024-01-30 20:16:32,991 INFO o.a.j.t.JMeterThread: Thread finished: Thread Group 1-100
2024-01-30 20:16:32,976 INFO o.a.j.t.JMeterThread: Stopping because end time detected by thread: Thread Group 1-56
2024-01-30 20:16:32,975 INFO o.a.j.t.JMeterThread: Stopping because end time detected by thread: Thread Group 1-93
2024-01-30 20:16:32,975 INFO o.a.j.t.JMeterThread: Stopping because end time detected by thread: Thread Group 1-85
2024-01-30 20:16:32,991 INFO o.a.j.t.JMeterThread: Thread finished: Thread Group 1-93
2024-01-30 20:16:32,975 INFO o.a.j.t.JMeterThread: Stopping because end time detected by thread: Thread Group 1-32
2024-01-30 20:16:32,991 INFO o.a.j.t.JMeterThread: Thread finished: Thread Group 1-85
2024-01-30 20:16:32,991 INFO o.a.j.t.JMeterThread: Thread finished: Thread Group 1-32
2024-01-30 20:16:32,975 INFO o.a.j.t.JMeterThread: Stopping because end time detected by thread: Thread Group 1-52
2024-01-30 20:16:32,991 INFO o.a.j.t.JMeterThread: Stopping because end time detected by thread: Thread Group 1-80
2024-01-30 20:16:32,975 INFO o.a.j.t.JMeterThread: Stopping because end time detected by thread: Thread Group 1-74
2024-01-30 20:16:32,992 INFO o.a.j.t.JMeterThread: Stopping because end time detected by thread: Thread Group 1-124
2024-01-30 20:16:32,992 INFO o.a.j.t.JMeterThread: Thread finished: Thread Group 1-80
2024-01-30 20:16:32,974 INFO o.a.j.t.JMeterThread: Stopping because end time detected by thread: Thread Group 1-113
2024-01-30 20:16:32,992 INFO o.a.j.t.JMeterThread: Thread finished: Thread Group 1-113
2024-01-30 20:16:32,974 INFO o.a.j.r.Summariser: summary +   2082 in 00:00:32 =   66.0/s Avg:  2696 Min:     0 Max: 19040 Err:     6 (0.29%) Active: 105 Started: 140 Finished: 35
2024-01-30 20:16:32,991 INFO o.a.j.t.JMeterThread: Thread finished: Thread Group 1-52
2024-01-30 20:16:32,992 INFO o.a.j.t.JMeterThread: Stopping because end time detected by thread: Thread Group 1-92
2024-01-30 20:16:32,992 INFO o.a.j.r.Summariser: summary =  17082 in 00:05:08 =   55.4/s Avg:  2448 Min:     0 Max: 19040 Err:    60 (0.35%)
2024-01-30 20:16:32,992 INFO o.a.j.t.JMeterThread: Thread finished: Thread Group 1-92
2024-01-30 20:16:32,992 INFO o.a.j.t.JMeterThread: Thread finished: Thread Group 1-47
2024-01-30 20:16:32,992 INFO o.a.j.t.JMeterThread: Thread finished: Thread Group 1-124
2024-01-30 20:16:32,993 INFO o.a.j.t.JMeterThread: Stopping because end time detected by thread: Thread Group 1-123
2024-01-30 20:16:32,993 INFO o.a.j.t.JMeterThread: Thread finished: Thread Group 1-123
2024-01-30 20:16:32,993 INFO o.a.j.t.JMeterThread: Stopping because end time detected by thread: Thread Group 1-72
2024-01-30 20:16:32,992 INFO o.a.j.t.JMeterThread: Thread finished: Thread Group 1-74
2024-01-30 20:16:32,993 INFO o.a.j.t.JMeterThread: Thread finished: Thread Group 1-72
2024-01-30 20:16:32,991 INFO o.a.j.t.JMeterThread: Thread finished: Thread Group 1-56
2024-01-30 20:16:32,991 INFO o.a.j.t.JMeterThread: Thread finished: Thread Group 1-136
2024-01-30 20:16:32,994 INFO o.a.j.t.JMeterThread: Stopping because end time detected by thread: Thread Group 1-133
2024-01-30 20:16:32,994 INFO o.a.j.t.JMeterThread: Thread finished: Thread Group 1-133
2024-01-30 20:16:32,994 INFO o.a.j.t.JMeterThread: Thread finished: Thread Group 1-76
2024-01-30 20:16:32,990 INFO o.a.j.t.JMeterThread: Thread finished: Thread Group 1-118
2024-01-30 20:16:32,995 INFO o.a.j.t.JMeterThread: Stopping because end time detected by thread: Thread Group 1-33
2024-01-30 20:16:32,995 INFO o.a.j.t.JMeterThread: Thread finished: Thread Group 1-33
2024-01-30 20:16:32,990 INFO o.a.j.t.JMeterThread: Stopping because end time detected by thread: Thread Group 1-120
2024-01-30 20:16:32,990 INFO o.a.j.t.JMeterThread: Thread finished: Thread Group 1-116
2024-01-30 20:16:32,990 INFO o.a.j.t.JMeterThread: Thread finished: Thread Group 1-135
2024-01-30 20:16:32,989 INFO o.a.j.t.JMeterThread: Thread finished: Thread Group 1-110
2024-01-30 20:16:32,989 INFO o.a.j.t.JMeterThread: Thread finished: Thread Group 1-66
2024-01-30 20:16:32,996 INFO o.a.j.t.JMeterThread: Stopping because end time detected by thread: Thread Group 1-117
2024-01-30 20:16:32,989 INFO o.a.j.t.JMeterThread: Thread finished: Thread Group 1-58
2024-01-30 20:16:32,996 INFO o.a.j.t.JMeterThread: Thread finished: Thread Group 1-117
2024-01-30 20:16:32,989 INFO o.a.j.t.JMeterThread: Thread finished: Thread Group 1-114
2024-01-30 20:16:32,997 INFO o.a.j.t.JMeterThread: Stopping because end time detected by thread: Thread Group 1-27
2024-01-30 20:16:32,997 INFO o.a.j.t.JMeterThread: Thread finished: Thread Group 1-27
2024-01-30 20:16:32,989 INFO o.a.j.t.JMeterThread: Thread finished: Thread Group 1-104
2024-01-30 20:16:32,989 INFO o.a.j.t.JMeterThread: Thread finished: Thread Group 1-55
2024-01-30 20:16:32,989 INFO o.a.j.t.JMeterThread: Thread finished: Thread Group 1-78
2024-01-30 20:16:32,997 INFO o.a.j.t.JMeterThread: Thread finished: Thread Group 1-59
2024-01-30 20:16:32,989 INFO o.a.j.t.JMeterThread: Stopping because end time detected by thread: Thread Group 1-69
2024-01-30 20:16:32,988 INFO o.a.j.t.JMeterThread: Thread finished: Thread Group 1-134
2024-01-30 20:16:32,997 INFO o.a.j.t.JMeterThread: Thread finished: Thread Group 1-69
2024-01-30 20:16:32,997 INFO o.a.j.t.JMeterThread: Stopping because end time detected by thread: Thread Group 1-89
2024-01-30 20:16:32,998 INFO o.a.j.t.JMeterThread: Thread finished: Thread Group 1-89
2024-01-30 20:16:32,988 INFO o.a.j.t.JMeterThread: Thread finished: Thread Group 1-84
2024-01-30 20:16:32,996 INFO o.a.j.t.JMeterThread: Thread finished: Thread Group 1-120
2024-01-30 20:16:32,998 INFO o.a.j.t.JMeterThread: Thread finished: Thread Group 1-131
2024-01-30 20:16:32,992 INFO o.a.j.t.JMeterThread: Stopping because end time detected by thread: Thread Group 1-107
2024-01-30 20:16:32,998 INFO o.a.j.t.JMeterThread: Thread finished: Thread Group 1-107
2024-01-30 20:16:32,998 INFO o.a.j.t.JMeterThread: Stopping because end time detected by thread: Thread Group 1-87
2024-01-30 20:16:32,998 INFO o.a.j.t.JMeterThread: Thread finished: Thread Group 1-87
2024-01-30 20:16:32,999 INFO o.a.j.t.JMeterThread: Stopping because end time detected by thread: Thread Group 1-75
2024-01-30 20:16:32,999 INFO o.a.j.t.JMeterThread: Thread finished: Thread Group 1-75
2024-01-30 20:16:33,000 INFO o.a.j.t.JMeterThread: Stopping because end time detected by thread: Thread Group 1-115
2024-01-30 20:16:33,000 INFO o.a.j.t.JMeterThread: Stopping because end time detected by thread: Thread Group 1-70
2024-01-30 20:16:33,000 INFO o.a.j.t.JMeterThread: Thread finished: Thread Group 1-115
2024-01-30 20:16:33,000 INFO o.a.j.t.JMeterThread: Thread finished: Thread Group 1-70
2024-01-30 20:16:33,000 INFO o.a.j.t.JMeterThread: Stopping because end time detected by thread: Thread Group 1-5
2024-01-30 20:16:33,000 INFO o.a.j.t.JMeterThread: Thread finished: Thread Group 1-5
2024-01-30 20:16:33,001 INFO o.a.j.t.JMeterThread: Stopping because end time detected by thread: Thread Group 1-86
2024-01-30 20:16:33,001 INFO o.a.j.t.JMeterThread: Thread finished: Thread Group 1-86
2024-01-30 20:16:33,001 INFO o.a.j.t.JMeterThread: Stopping because end time detected by thread: Thread Group 1-18
2024-01-30 20:16:33,001 INFO o.a.j.t.JMeterThread: Thread finished: Thread Group 1-18
2024-01-30 20:16:33,001 INFO o.a.j.t.JMeterThread: Stopping because end time detected by thread: Thread Group 1-17
2024-01-30 20:16:33,001 INFO o.a.j.t.JMeterThread: Thread finished: Thread Group 1-17
2024-01-30 20:16:33,002 INFO o.a.j.t.JMeterThread: Stopping because end time detected by thread: Thread Group 1-119
2024-01-30 20:16:33,002 INFO o.a.j.t.JMeterThread: Stopping because end time detected by thread: Thread Group 1-95
2024-01-30 20:16:33,002 INFO o.a.j.t.JMeterThread: Thread finished: Thread Group 1-119
2024-01-30 20:16:33,002 INFO o.a.j.t.JMeterThread: Thread finished: Thread Group 1-95
2024-01-30 20:16:33,003 INFO o.a.j.t.JMeterThread: Stopping because end time detected by thread: Thread Group 1-125
2024-01-30 20:16:33,003 INFO o.a.j.t.JMeterThread: Thread finished: Thread Group 1-125
2024-01-30 20:16:33,003 INFO o.a.j.t.JMeterThread: Stopping because end time detected by thread: Thread Group 1-67
2024-01-30 20:16:33,004 INFO o.a.j.t.JMeterThread: Thread finished: Thread Group 1-67
2024-01-30 20:16:33,004 INFO o.a.j.t.JMeterThread: Stopping because end time detected by thread: Thread Group 1-19
2024-01-30 20:16:33,004 INFO o.a.j.t.JMeterThread: Thread finished: Thread Group 1-19
2024-01-30 20:16:33,004 INFO o.a.j.t.JMeterThread: Stopping because end time detected by thread: Thread Group 1-90
2024-01-30 20:16:33,005 INFO o.a.j.t.JMeterThread: Thread finished: Thread Group 1-90
2024-01-30 20:16:33,005 INFO o.a.j.t.JMeterThread: Stopping because end time detected by thread: Thread Group 1-23
2024-01-30 20:16:33,006 INFO o.a.j.t.JMeterThread: Thread finished: Thread Group 1-23
2024-01-30 20:16:33,006 INFO o.a.j.t.JMeterThread: Stopping because end time detected by thread: Thread Group 1-94
2024-01-30 20:16:33,006 INFO o.a.j.t.JMeterThread: Thread finished: Thread Group 1-94
2024-01-30 20:16:33,006 INFO o.a.j.t.JMeterThread: Stopping because end time detected by thread: Thread Group 1-138
2024-01-30 20:16:33,006 INFO o.a.j.t.JMeterThread: Thread finished: Thread Group 1-138
2024-01-30 20:16:33,007 INFO o.a.j.t.JMeterThread: Stopping because end time detected by thread: Thread Group 1-99
2024-01-30 20:16:33,007 INFO o.a.j.t.JMeterThread: Thread finished: Thread Group 1-99
2024-01-30 20:16:33,007 INFO o.a.j.t.JMeterThread: Stopping because end time detected by thread: Thread Group 1-53
2024-01-30 20:16:33,007 INFO o.a.j.t.JMeterThread: Thread finished: Thread Group 1-53
2024-01-30 20:16:33,008 INFO o.a.j.t.JMeterThread: Stopping because end time detected by thread: Thread Group 1-96
2024-01-30 20:16:33,008 INFO o.a.j.t.JMeterThread: Stopping because end time detected by thread: Thread Group 1-112
2024-01-30 20:16:33,008 INFO o.a.j.t.JMeterThread: Thread finished: Thread Group 1-112
2024-01-30 20:16:33,008 INFO o.a.j.t.JMeterThread: Thread finished: Thread Group 1-96
2024-01-30 20:16:33,008 INFO o.a.j.t.JMeterThread: Stopping because end time detected by thread: Thread Group 1-49
2024-01-30 20:16:33,008 INFO o.a.j.t.JMeterThread: Thread finished: Thread Group 1-49
2024-01-30 20:16:33,008 INFO o.a.j.t.JMeterThread: Stopping because end time detected by thread: Thread Group 1-42
2024-01-30 20:16:33,008 INFO o.a.j.t.JMeterThread: Thread finished: Thread Group 1-42
2024-01-30 20:16:33,009 INFO o.a.j.t.JMeterThread: Stopping because end time detected by thread: Thread Group 1-111
2024-01-30 20:16:33,010 INFO o.a.j.t.JMeterThread: Thread finished: Thread Group 1-111
2024-01-30 20:16:33,010 INFO o.a.j.t.JMeterThread: Stopping because end time detected by thread: Thread Group 1-122
2024-01-30 20:16:33,010 INFO o.a.j.t.JMeterThread: Stopping because end time detected by thread: Thread Group 1-103
2024-01-30 20:16:33,010 INFO o.a.j.t.JMeterThread: Thread finished: Thread Group 1-122
2024-01-30 20:16:33,010 INFO o.a.j.t.JMeterThread: Thread finished: Thread Group 1-103
2024-01-30 20:16:33,010 INFO o.a.j.t.JMeterThread: Stopping because end time detected by thread: Thread Group 1-139
2024-01-30 20:16:33,010 INFO o.a.j.t.JMeterThread: Thread finished: Thread Group 1-139
2024-01-30 20:16:33,011 INFO o.a.j.t.JMeterThread: Stopping because end time detected by thread: Thread Group 1-48
2024-01-30 20:16:33,011 INFO o.a.j.t.JMeterThread: Thread finished: Thread Group 1-48
2024-01-30 20:16:33,011 INFO o.a.j.t.JMeterThread: Stopping because end time detected by thread: Thread Group 1-41
2024-01-30 20:16:33,011 INFO o.a.j.t.JMeterThread: Thread finished: Thread Group 1-41
2024-01-30 20:16:33,012 INFO o.a.j.t.JMeterThread: Stopping because end time detected by thread: Thread Group 1-129
2024-01-30 20:16:33,012 INFO o.a.j.t.JMeterThread: Stopping because end time detected by thread: Thread Group 1-68
2024-01-30 20:16:33,012 INFO o.a.j.t.JMeterThread: Thread finished: Thread Group 1-68
2024-01-30 20:16:33,012 INFO o.a.j.t.JMeterThread: Thread finished: Thread Group 1-129
2024-01-30 20:16:33,012 INFO o.a.j.t.JMeterThread: Stopping because end time detected by thread: Thread Group 1-54
2024-01-30 20:16:33,012 INFO o.a.j.t.JMeterThread: Thread finished: Thread Group 1-54
2024-01-30 20:16:33,013 INFO o.a.j.t.JMeterThread: Stopping because end time detected by thread: Thread Group 1-97
2024-01-30 20:16:33,013 INFO o.a.j.t.JMeterThread: Stopping because end time detected by thread: Thread Group 1-126
2024-01-30 20:16:33,013 INFO o.a.j.t.JMeterThread: Thread finished: Thread Group 1-97
2024-01-30 20:16:33,013 INFO o.a.j.t.JMeterThread: Thread finished: Thread Group 1-126
2024-01-30 20:16:33,015 INFO o.a.j.t.JMeterThread: Stopping because end time detected by thread: Thread Group 1-73
2024-01-30 20:16:33,015 INFO o.a.j.t.JMeterThread: Stopping because end time detected by thread: Thread Group 1-82
2024-01-30 20:16:33,015 INFO o.a.j.t.JMeterThread: Thread finished: Thread Group 1-73
2024-01-30 20:16:33,015 INFO o.a.j.t.JMeterThread: Thread finished: Thread Group 1-82
2024-01-30 20:16:33,015 INFO o.a.j.t.JMeterThread: Stopping because end time detected by thread: Thread Group 1-65
2024-01-30 20:16:33,015 INFO o.a.j.t.JMeterThread: Thread finished: Thread Group 1-65
2024-01-30 20:16:33,015 INFO o.a.j.t.JMeterThread: Stopping because end time detected by thread: Thread Group 1-88
2024-01-30 20:16:33,015 INFO o.a.j.t.JMeterThread: Stopping because end time detected by thread: Thread Group 1-130
2024-01-30 20:16:33,015 INFO o.a.j.t.JMeterThread: Thread finished: Thread Group 1-88
2024-01-30 20:16:33,015 INFO o.a.j.t.JMeterThread: Thread finished: Thread Group 1-130
2024-01-30 20:16:33,016 INFO o.a.j.t.JMeterThread: Stopping because end time detected by thread: Thread Group 1-105
2024-01-30 20:16:33,016 INFO o.a.j.t.JMeterThread: Thread finished: Thread Group 1-105
2024-01-30 20:16:33,017 INFO o.a.j.t.JMeterThread: Stopping because end time detected by thread: Thread Group 1-77
2024-01-30 20:16:33,017 INFO o.a.j.t.JMeterThread: Stopping because end time detected by thread: Thread Group 1-60
2024-01-30 20:16:33,017 INFO o.a.j.t.JMeterThread: Thread finished: Thread Group 1-60
2024-01-30 20:16:33,017 INFO o.a.j.t.JMeterThread: Thread finished: Thread Group 1-77
2024-01-30 20:16:33,018 INFO o.a.j.t.JMeterThread: Stopping because end time detected by thread: Thread Group 1-102
2024-01-30 20:16:33,018 INFO o.a.j.t.JMeterThread: Thread finished: Thread Group 1-102
2024-01-30 20:16:33,018 INFO o.a.j.t.JMeterThread: Stopping because end time detected by thread: Thread Group 1-106
2024-01-30 20:16:33,018 INFO o.a.j.t.JMeterThread: Stopping because end time detected by thread: Thread Group 1-108
2024-01-30 20:16:33,018 INFO o.a.j.t.JMeterThread: Thread finished: Thread Group 1-106
2024-01-30 20:16:33,018 INFO o.a.j.t.JMeterThread: Thread finished: Thread Group 1-108
2024-01-30 20:16:33,019 INFO o.a.j.e.StandardJMeterEngine: Notifying test listeners of end of test
2024-01-30 20:16:33,019 INFO o.a.j.s.FileServer: Close: /Users/zhicheng.jin/ijmeter/jmx/users.csv
2024-01-30 20:16:33,019 INFO o.a.j.r.Summariser: summary +    104 in 00:00:00 = 2311.1/s Avg:  8090 Min:  7738 Max:  9003 Err:     0 (0.00%) Active: 0 Started: 140 Finished: 140
2024-01-30 20:16:33,020 INFO o.a.j.r.Summariser: summary =  17186 in 00:05:08 =   55.7/s Avg:  2483 Min:     0 Max: 19040 Err:    60 (0.35%)
2024-01-30 20:16:33,020 INFO o.a.j.JMeter: Generating Dashboard
2024-01-30 20:16:33,020 INFO o.a.j.r.d.ReportGenerator: Flushing result collector before report Generation
2024-01-30 20:16:33,039 INFO o.a.j.r.p.NormalizerSampleConsumer: Using format, 'ms', to parse timeStamp field
2024-01-30 20:16:33,617 INFO o.a.j.r.p.AbstractSampleConsumer: class org.apache.jmeter.report.processor.AggregateConsumer#stopProducing(): beginDate produced 0 samples
2024-01-30 20:16:33,617 INFO o.a.j.r.p.AbstractSampleConsumer: class org.apache.jmeter.report.processor.AggregateConsumer#stopProducing(): endDate produced 0 samples
2024-01-30 20:16:33,620 INFO o.a.j.r.p.AbstractSampleConsumer: class org.apache.jmeter.report.processor.ApdexSummaryConsumer#stopProducing(): apdexSummary produced 0 samples
2024-01-30 20:16:33,620 INFO o.a.j.r.p.AbstractSampleConsumer: class org.apache.jmeter.report.processor.RequestsSummaryConsumer#stopProducing(): requestsSummary produced 0 samples
2024-01-30 20:16:33,629 INFO o.a.j.r.p.AbstractSampleConsumer: class org.apache.jmeter.report.processor.StatisticsSummaryConsumer#stopProducing(): statisticsSummary produced 0 samples
2024-01-30 20:16:33,630 INFO o.a.j.r.p.AbstractSampleConsumer: class org.apache.jmeter.report.processor.Top5ErrorsBySamplerConsumer#stopProducing(): top5ErrorsBySampler produced 0 samples
2024-01-30 20:16:33,630 INFO o.a.j.r.p.AbstractSampleConsumer: class org.apache.jmeter.report.processor.ErrorsSummaryConsumer#stopProducing(): errorsSummary produced 0 samples
2024-01-30 20:16:33,630 INFO o.a.j.r.p.AbstractSampleConsumer: class org.apache.jmeter.report.processor.graph.impl.HitsPerSecondGraphConsumer#stopProducing(): hitsPerSecond produced 0 samples
2024-01-30 20:16:33,752 INFO o.a.j.r.p.AbstractSampleConsumer: class org.apache.jmeter.report.processor.graph.impl.LatencyVSRequestGraphConsumer#stopProducing(): latencyVsRequest produced 0 samples
2024-01-30 20:16:33,754 INFO o.a.j.r.p.AbstractSampleConsumer: class org.apache.jmeter.report.processor.graph.impl.SyntheticResponseTimeDistributionGraphConsumer#stopProducing(): syntheticResponseTimeDistribution produced 0 samples
2024-01-30 20:16:33,754 INFO o.a.j.r.p.AbstractSampleConsumer: class org.apache.jmeter.report.processor.graph.impl.BytesThroughputGraphConsumer#stopProducing(): bytesThroughputOverTime produced 0 samples
2024-01-30 20:16:33,754 INFO o.a.j.r.p.AbstractSampleConsumer: class org.apache.jmeter.report.processor.graph.impl.CodesPerSecondGraphConsumer#stopProducing(): codesPerSecond produced 0 samples
2024-01-30 20:16:33,819 INFO o.a.j.r.p.AbstractSampleConsumer: class org.apache.jmeter.report.processor.graph.impl.ResponseTimeVSRequestGraphConsumer#stopProducing(): responseTimeVsRequest produced 0 samples
2024-01-30 20:16:33,820 INFO o.a.j.r.p.AbstractSampleConsumer: class org.apache.jmeter.report.processor.FilterConsumer#stopProducing(): startIntervalControlerFilter produced 120302 samples
2024-01-30 20:16:33,820 INFO o.a.j.r.p.AbstractSampleConsumer: class org.apache.jmeter.report.processor.graph.impl.TotalTPSGraphConsumer#stopProducing(): totalTPS produced 0 samples
2024-01-30 20:16:33,820 INFO o.a.j.r.p.AbstractSampleConsumer: class org.apache.jmeter.report.processor.graph.impl.ActiveThreadsGraphConsumer#stopProducing(): activeThreadsOverTime produced 0 samples
2024-01-30 20:16:33,820 INFO o.a.j.r.p.AbstractSampleConsumer: class org.apache.jmeter.report.processor.graph.impl.TimeVSThreadGraphConsumer#stopProducing(): timeVsThreads produced 0 samples
2024-01-30 20:16:33,820 INFO o.a.j.r.p.AbstractSampleConsumer: class org.apache.jmeter.report.processor.graph.impl.ResponseTimeDistributionGraphConsumer#stopProducing(): responseTimeDistribution produced 0 samples
2024-01-30 20:16:33,821 INFO o.a.j.r.p.AbstractSampleConsumer: class org.apache.jmeter.report.processor.graph.impl.TransactionsPerSecondGraphConsumer#stopProducing(): transactionsPerSecond produced 0 samples
2024-01-30 20:16:33,821 INFO o.a.j.r.p.AbstractSampleConsumer: class org.apache.jmeter.report.processor.graph.impl.ResponseTimePercentilesGraphConsumer#stopProducing(): responseTimePercentiles produced 0 samples
2024-01-30 20:16:33,823 INFO o.a.j.r.p.AbstractSampleConsumer: class org.apache.jmeter.report.processor.graph.impl.ResponseTimePercentilesOverTimeGraphConsumer#stopProducing(): responseTimePercentilesOverTime produced 0 samples
2024-01-30 20:16:33,825 INFO o.a.j.r.p.AbstractSampleConsumer: class org.apache.jmeter.report.processor.graph.impl.ResponseTimeOverTimeGraphConsumer#stopProducing(): responseTimesOverTime produced 0 samples
2024-01-30 20:16:33,825 INFO o.a.j.r.p.AbstractSampleConsumer: class org.apache.jmeter.report.processor.graph.impl.ConnectTimeOverTimeGraphConsumer#stopProducing(): connectTimeOverTime produced 0 samples
2024-01-30 20:16:33,825 INFO o.a.j.r.p.AbstractSampleConsumer: class org.apache.jmeter.report.processor.graph.impl.LatencyOverTimeGraphConsumer#stopProducing(): latenciesOverTime produced 0 samples
2024-01-30 20:16:33,825 INFO o.a.j.r.p.AbstractSampleConsumer: class org.apache.jmeter.report.processor.FilterConsumer#stopProducing(): nameFilter produced 257790 samples
2024-01-30 20:16:33,825 INFO o.a.j.r.p.AbstractSampleConsumer: class org.apache.jmeter.report.processor.FilterConsumer#stopProducing(): dateRangeFilter produced 51558 samples
2024-01-30 20:16:33,825 INFO o.a.j.r.p.AbstractSampleConsumer: class org.apache.jmeter.report.processor.NormalizerSampleConsumer#stopProducing(): normalizer produced 17186 samples
2024-01-30 20:16:33,826 INFO o.a.j.r.p.CsvFileSampleSource: produce(): 17186 samples produced in 765ms on channel 0
2024-01-30 20:16:33,826 INFO o.a.j.r.d.ReportGenerator: Exporting data using exporter:'json' of className:'org.apache.jmeter.report.dashboard.JsonExporter'
2024-01-30 20:16:33,900 INFO o.a.j.r.d.JsonExporter: Found data for consumer statisticsSummaryin context
2024-01-30 20:16:33,900 INFO o.a.j.r.d.JsonExporter: Creating statistics for overall
2024-01-30 20:16:33,900 INFO o.a.j.r.d.JsonExporter: Creating statistics for other transactions
2024-01-30 20:16:33,901 INFO o.a.j.r.d.JsonExporter: Checking output folder
2024-01-30 20:16:33,901 INFO o.a.j.r.d.JsonExporter: Writing statistics JSON to /Users/zhicheng.jin/apache-jmeter-5.6.3/bin/order_service/web_140/statistics.json
2024-01-30 20:16:33,938 INFO o.a.j.r.d.ReportGenerator: Exporting data using exporter:'html' of className:'org.apache.jmeter.report.dashboard.HtmlTemplateExporter'
2024-01-30 20:16:33,940 INFO o.a.j.r.d.HtmlTemplateExporter: Will generate dashboard in folder: /Users/zhicheng.jin/apache-jmeter-5.6.3/bin/order_service/web_140
2024-01-30 20:16:34,033 INFO o.a.j.r.d.HtmlTemplateExporter: Report will be generated in: /Users/zhicheng.jin/apache-jmeter-5.6.3/bin/order_service/web_140, creating folder structure
2024-01-30 20:16:34,034 INFO o.a.j.r.d.TemplateVisitor: Copying folder from '/Users/zhicheng.jin/apache-jmeter-5.6.3/bin/report-template' to '/Users/zhicheng.jin/apache-jmeter-5.6.3/bin/order_service/web_140', got message: /Users/zhicheng.jin/apache-jmeter-5.6.3/bin/order_service/web_140, found non empty folder with following content [/Users/zhicheng.jin/apache-jmeter-5.6.3/bin/order_service/web_140/statistics.json], will be ignored
2024-01-30 20:16:34,300 INFO o.a.j.JMeter: Dashboard generated
